2023-07-29 15:31:38,562 BaseTest.java  INFO [main] BaseTest:36 - Run BaseTest
2023-07-29 15:31:38,614 BaseTest.java  INFO [main] BaseTest:46 - @BeforeMethod -- Initializing the browser
2023-07-29 15:31:38,766 InternalLoggerFactory.java DEBUG [main] InternalLoggerFactory:89 - Using Log4J as the default logging framework
2023-07-29 15:31:38,773 ResourceLeakDetector.java DEBUG [main] ResourceLeakDetector:129 - -Dio.netty.leakDetection.level: simple
2023-07-29 15:31:38,773 ResourceLeakDetector.java DEBUG [main] ResourceLeakDetector:130 - -Dio.netty.leakDetection.targetRecords: 4
2023-07-29 15:31:38,777 ResourceLeakDetectorFactory.java DEBUG [main] ResourceLeakDetectorFactory:196 - Loaded default ResourceLeakDetector: io.netty.util.ResourceLeakDetector@3ad2e17
2023-07-29 15:31:38,797 PlatformDependent0.java DEBUG [main] PlatformDependent0:460 - -Dio.netty.noUnsafe: false
2023-07-29 15:31:38,798 PlatformDependent0.java DEBUG [main] PlatformDependent0:954 - Java version: 17
2023-07-29 15:31:38,799 PlatformDependent0.java DEBUG [main] PlatformDependent0:135 - sun.misc.Unsafe.theUnsafe: available
2023-07-29 15:31:38,800 PlatformDependent0.java DEBUG [main] PlatformDependent0:159 - sun.misc.Unsafe.copyMemory: available
2023-07-29 15:31:38,801 PlatformDependent0.java DEBUG [main] PlatformDependent0:202 - java.nio.Buffer.address: available
2023-07-29 15:31:38,801 PlatformDependent0.java DEBUG [main] PlatformDependent0:285 - direct buffer constructor: unavailable: Reflective setAccessible(true) disabled
2023-07-29 15:31:38,802 PlatformDependent0.java DEBUG [main] PlatformDependent0:350 - java.nio.Bits.unaligned: available, true
2023-07-29 15:31:38,803 PlatformDependent0.java DEBUG [main] PlatformDependent0:417 - jdk.internal.misc.Unsafe.allocateUninitializedArray(int): unavailable: class io.netty.util.internal.PlatformDependent0$6 cannot access class jdk.internal.misc.Unsafe (in module java.base) because module java.base does not export jdk.internal.misc to unnamed module @f6c48ac
2023-07-29 15:31:38,805 PlatformDependent0.java DEBUG [main] PlatformDependent0:446 - java.nio.DirectByteBuffer.<init>(long, int): unavailable
2023-07-29 15:31:38,805 PlatformDependent.java DEBUG [main] PlatformDependent:1103 - sun.misc.Unsafe: available
2023-07-29 15:31:38,829 PlatformDependent.java DEBUG [main] PlatformDependent:1205 - maxDirectMemory: 4234149888 bytes (maybe)
2023-07-29 15:31:38,829 PlatformDependent.java DEBUG [main] PlatformDependent:1224 - -Dio.netty.tmpdir: C:\Users\tien.dao\AppData\Local\Temp (java.io.tmpdir)
2023-07-29 15:31:38,830 PlatformDependent.java DEBUG [main] PlatformDependent:1303 - -Dio.netty.bitMode: 64 (sun.arch.data.model)
2023-07-29 15:31:38,830 PlatformDependent.java DEBUG [main] PlatformDependent:1063 - Platform: Windows
2023-07-29 15:31:38,831 PlatformDependent.java DEBUG [main] PlatformDependent:178 - -Dio.netty.maxDirectMemory: -1 bytes
2023-07-29 15:31:38,832 PlatformDependent.java DEBUG [main] PlatformDependent:185 - -Dio.netty.uninitializedArrayAllocationThreshold: -1
2023-07-29 15:31:38,832 CleanerJava9.java DEBUG [main] CleanerJava9:71 - java.nio.ByteBuffer.cleaner(): available
2023-07-29 15:31:38,833 PlatformDependent.java DEBUG [main] PlatformDependent:205 - -Dio.netty.noPreferDirect: false
2023-07-29 15:31:38,840 PlatformDependent.java DEBUG [main] PlatformDependent:967 - org.jctools-core.MpscChunkedArrayQueue: available
2023-07-29 15:31:38,867 InternalThreadLocalMap.java DEBUG [main] InternalThreadLocalMap:83 - -Dio.netty.threadLocalMap.stringBuilder.initialSize: 1024
2023-07-29 15:31:38,867 InternalThreadLocalMap.java DEBUG [main] InternalThreadLocalMap:86 - -Dio.netty.threadLocalMap.stringBuilder.maxSize: 4096
2023-07-29 15:31:39,046 JdkSslContext.java DEBUG [main] JdkSslContext:97 - Default protocols (JDK): [TLSv1.3, TLSv1.2] 
2023-07-29 15:31:39,046 JdkSslContext.java DEBUG [main] JdkSslContext:98 - Default cipher suites (JDK): [TLS_ECDHE_ECDSA_WITH_AES_256_GCM_SHA384, TLS_ECDHE_ECDSA_WITH_AES_128_GCM_SHA256, TLS_ECDHE_RSA_WITH_AES_128_GCM_SHA256, TLS_ECDHE_RSA_WITH_AES_256_GCM_SHA384, TLS_ECDHE_RSA_WITH_AES_128_CBC_SHA, TLS_ECDHE_RSA_WITH_AES_256_CBC_SHA, TLS_RSA_WITH_AES_128_GCM_SHA256, TLS_RSA_WITH_AES_128_CBC_SHA, TLS_RSA_WITH_AES_256_CBC_SHA, TLS_AES_128_GCM_SHA256, TLS_AES_256_GCM_SHA384]
2023-07-29 15:31:39,076 MultithreadEventLoopGroup.java DEBUG [main] MultithreadEventLoopGroup:44 - -Dio.netty.eventLoopThreads: 24
2023-07-29 15:31:39,089 NioEventLoop.java DEBUG [main] NioEventLoop:106 - -Dio.netty.noKeySetOptimization: false
2023-07-29 15:31:39,089 NioEventLoop.java DEBUG [main] NioEventLoop:107 - -Dio.netty.selectorAutoRebuildThreshold: 512
2023-07-29 15:31:39,262 PooledByteBufAllocator.java DEBUG [main] PooledByteBufAllocator:155 - -Dio.netty.allocator.numHeapArenas: 24
2023-07-29 15:31:39,262 PooledByteBufAllocator.java DEBUG [main] PooledByteBufAllocator:156 - -Dio.netty.allocator.numDirectArenas: 24
2023-07-29 15:31:39,262 PooledByteBufAllocator.java DEBUG [main] PooledByteBufAllocator:158 - -Dio.netty.allocator.pageSize: 8192
2023-07-29 15:31:39,262 PooledByteBufAllocator.java DEBUG [main] PooledByteBufAllocator:163 - -Dio.netty.allocator.maxOrder: 11
2023-07-29 15:31:39,263 PooledByteBufAllocator.java DEBUG [main] PooledByteBufAllocator:167 - -Dio.netty.allocator.chunkSize: 16777216
2023-07-29 15:31:39,263 PooledByteBufAllocator.java DEBUG [main] PooledByteBufAllocator:168 - -Dio.netty.allocator.smallCacheSize: 256
2023-07-29 15:31:39,263 PooledByteBufAllocator.java DEBUG [main] PooledByteBufAllocator:169 - -Dio.netty.allocator.normalCacheSize: 64
2023-07-29 15:31:39,263 PooledByteBufAllocator.java DEBUG [main] PooledByteBufAllocator:170 - -Dio.netty.allocator.maxCachedBufferCapacity: 32768
2023-07-29 15:31:39,263 PooledByteBufAllocator.java DEBUG [main] PooledByteBufAllocator:171 - -Dio.netty.allocator.cacheTrimInterval: 8192
2023-07-29 15:31:39,264 PooledByteBufAllocator.java DEBUG [main] PooledByteBufAllocator:172 - -Dio.netty.allocator.cacheTrimIntervalMillis: 0
2023-07-29 15:31:39,264 PooledByteBufAllocator.java DEBUG [main] PooledByteBufAllocator:173 - -Dio.netty.allocator.useCacheForAllThreads: true
2023-07-29 15:31:39,264 PooledByteBufAllocator.java DEBUG [main] PooledByteBufAllocator:174 - -Dio.netty.allocator.maxCachedByteBuffersPerChunk: 1023
2023-07-29 15:31:39,276 ByteBufUtil.java DEBUG [main] ByteBufUtil:87 - -Dio.netty.allocator.type: pooled
2023-07-29 15:31:39,276 ByteBufUtil.java DEBUG [main] ByteBufUtil:96 - -Dio.netty.threadLocalDirectBufferSize: 0
2023-07-29 15:31:39,276 ByteBufUtil.java DEBUG [main] ByteBufUtil:99 - -Dio.netty.maxThreadLocalCharBufferSize: 16384
2023-07-29 15:31:39,962 DefaultChannelId.java DEBUG [Forwarding newSession on session null to remote] DefaultChannelId:79 - -Dio.netty.processId: 24300 (auto-detected)
2023-07-29 15:31:39,965 NetUtil.java DEBUG [Forwarding newSession on session null to remote] NetUtil:135 - -Djava.net.preferIPv4Stack: false
2023-07-29 15:31:39,965 NetUtil.java DEBUG [Forwarding newSession on session null to remote] NetUtil:136 - -Djava.net.preferIPv6Addresses: false
2023-07-29 15:31:40,006 NetUtilInitializations.java DEBUG [Forwarding newSession on session null to remote] NetUtilInitializations:129 - Loopback interface: lo (Software Loopback Interface 1, 127.0.0.1)
2023-07-29 15:31:40,008 NetUtil.java DEBUG [Forwarding newSession on session null to remote] NetUtil:187 - Failed to get SOMAXCONN from sysctl and file \proc\sys\net\core\somaxconn. Default: 200
2023-07-29 15:31:40,280 DefaultChannelId.java DEBUG [Forwarding newSession on session null to remote] DefaultChannelId:101 - -Dio.netty.machineId: 00:15:5d:ff:fe:3c:65:03 (auto-detected)
2023-07-29 15:31:40,337 AbstractByteBuf.java DEBUG [AsyncHttpClient-1-2] AbstractByteBuf:63 - -Dio.netty.buffer.checkAccessible: true
2023-07-29 15:31:40,337 AbstractByteBuf.java DEBUG [AsyncHttpClient-1-2] AbstractByteBuf:64 - -Dio.netty.buffer.checkBounds: true
2023-07-29 15:31:40,338 ResourceLeakDetectorFactory.java DEBUG [AsyncHttpClient-1-2] ResourceLeakDetectorFactory:196 - Loaded default ResourceLeakDetector: io.netty.util.ResourceLeakDetector@17d277ac
2023-07-29 15:31:40,368 Recycler.java DEBUG [AsyncHttpClient-1-2] Recycler:103 - -Dio.netty.recycler.maxCapacityPerThread: 4096
2023-07-29 15:31:40,368 Recycler.java DEBUG [AsyncHttpClient-1-2] Recycler:104 - -Dio.netty.recycler.maxSharedCapacityFactor: 2
2023-07-29 15:31:40,368 Recycler.java DEBUG [AsyncHttpClient-1-2] Recycler:105 - -Dio.netty.recycler.linkCapacity: 16
2023-07-29 15:31:40,368 Recycler.java DEBUG [AsyncHttpClient-1-2] Recycler:106 - -Dio.netty.recycler.ratio: 8
2023-07-29 15:31:40,368 Recycler.java DEBUG [AsyncHttpClient-1-2] Recycler:107 - -Dio.netty.recycler.delayedQueue.ratio: 8
2023-07-29 15:31:42,498 Brotli.java DEBUG [AsyncHttpClient-1-2] Brotli:38 - brotli4j not in the classpath; Brotli support will be unavailable.
2023-07-29 15:31:42,658 ThreadLocalRandom.java DEBUG [main] ThreadLocalRandom:214 - -Dio.netty.initialSeedUniquifier: 0x590fe98bc41c3884
2023-07-29 15:31:42,866 BaseTest.java  INFO [main] BaseTest:74 - ***** get linkkedInURL *******
2023-07-29 15:31:45,019 BaseTest.java  INFO [main] BaseTest:76 - ***** end get linkkedInURL *******
2023-07-29 15:31:45,088 LoginPage.java  INFO [main] BaseTest:24 - ========== Start login... ==========
2023-07-29 15:31:45,699 BasePage.java  INFO [main] BaseTest:42 - ***** clickOn with number of time ...1
2023-07-29 15:31:46,824 LoginPage.java  INFO [main] BaseTest:30 - ========== End login... ==========
2023-07-29 15:31:51,565 BaseTest.java  INFO [main] BaseTest:82 - @AfterMethod -- close browser
2023-07-29 15:31:51,987 _Log4jLoggerFactory.java DEBUG [main] cache:45 - Couldn't find template in cache for "Extent.ftl"("en_US", UTF-8, parsed); will try to load it.
2023-07-29 15:31:51,990 _Log4jLoggerFactory.java DEBUG [main] cache:45 - TemplateLoader.findTemplateSource("Extent_en_US.ftl"): Not found
2023-07-29 15:31:51,993 _Log4jLoggerFactory.java DEBUG [main] cache:45 - TemplateLoader.findTemplateSource("Extent_en.ftl"): Not found
2023-07-29 15:31:51,995 _Log4jLoggerFactory.java DEBUG [main] cache:45 - TemplateLoader.findTemplateSource("Extent.ftl"): Found
2023-07-29 15:31:51,996 _Log4jLoggerFactory.java DEBUG [main] cache:45 - Loading template for "Extent.ftl"("en_US", UTF-8, parsed) from "jar:file:/C:/Users/tien.dao/.m2/repository/com/relevantcodes/extentreports/2.41.2/extentreports-2.41.2.jar!/com/relevantcodes/extentreports/view/Extent.ftl"
2023-07-29 15:31:52,353 _Log4jLoggerFactory.java DEBUG [main] cache:45 - Couldn't find template in cache for "Extent.ftl"("en_US", UTF-8, parsed); will try to load it.
2023-07-29 15:31:52,354 _Log4jLoggerFactory.java DEBUG [main] cache:45 - TemplateLoader.findTemplateSource("Extent_en_US.ftl"): Not found
2023-07-29 15:31:52,354 _Log4jLoggerFactory.java DEBUG [main] cache:45 - TemplateLoader.findTemplateSource("Extent_en.ftl"): Not found
2023-07-29 15:31:52,355 _Log4jLoggerFactory.java DEBUG [main] cache:45 - TemplateLoader.findTemplateSource("Extent.ftl"): Found
2023-07-29 15:31:52,355 _Log4jLoggerFactory.java DEBUG [main] cache:45 - Loading template for "Extent.ftl"("en_US", UTF-8, parsed) from "jar:file:/C:/Users/tien.dao/.m2/repository/com/relevantcodes/extentreports/2.41.2/extentreports-2.41.2.jar!/com/relevantcodes/extentreports/view/Extent.ftl"
